This file contains any messages produced by compilers while
running configure, to aid debugging if configure makes a mistake.

It was created by configure, which was
generated by GNU Autoconf 2.52.  Invocation command line was

  $ ./configure 

## ---------- ##
## Platform.  ##
## ---------- ##

hostname = moc-book2
uname -m = x86_64
uname -r = 3.4.10-2e2ef940.x86_64
uname -s = MINGW64_NT-10.0-22631
uname -v = 2024-07-09 21:35 UTC

/usr/bin/uname -p = unknown
/bin/uname -X     = unknown

/bin/arch              = x86_64
/usr/bin/arch -k       = unknown
/usr/convex/getsysinfo = unknown
hostinfo               = unknown
/bin/machine           = unknown
/usr/bin/oslevel       = unknown
/bin/universe          = unknown

PATH = /c/Users/nilto/bin:/mingw64/bin:/usr/local/bin:/usr/bin:/bin:/mingw64/bin:/usr/bin:/c/Users/nilto/bin:/c/Program Files/Common Files/Oracle/Java/javapath:/c/windows/system32:/c/windows:/c/windows/System32/Wbem:/c/windows/System32/WindowsPowerShell/v1.0:/c/windows/System32/OpenSSH:/c/Program Files/dotnet:/c/Program Files/PuTTY:/cmd:/c/ProgramData/chocolatey/bin:/c/Users/nilto/AppData/Local/Microsoft/WindowsApps:/c/Users/nilto/AppData/Local/Programs/Microsoft VS Code/bin:/c/ProgramData/mingw64/mingw64/bin:/usr/bin/vendor_perl:/usr/bin/core_perl

## ------------ ##
## Core tests.  ##
## ------------ ##

configure:955: PATH=".;."; conftest.sh
./configure: line 956: conftest.sh: command not found
configure:958: $? = 127
configure:998: checking build system type
configure:1007: error: cannot guess build type; you must specify one

## ----------------- ##
## Cache variables.  ##
## ----------------- ##

ac_cv_build_alias=
ac_cv_env_CC_set=
ac_cv_env_CC_value=
ac_cv_env_CFLAGS_set=
ac_cv_env_CFLAGS_value=
ac_cv_env_CPPFLAGS_set=
ac_cv_env_CPPFLAGS_value=
ac_cv_env_CPP_set=
ac_cv_env_CPP_value=
ac_cv_env_LDFLAGS_set=
ac_cv_env_LDFLAGS_value=
ac_cv_env_build_alias_set=
ac_cv_env_build_alias_value=
ac_cv_env_host_alias_set=
ac_cv_env_host_alias_value=
ac_cv_env_target_alias_set=
ac_cv_env_target_alias_value=


configure: exit 1
